SF:lib/features/rewards/rewards_detail_page.dart
DA:9,1
DA:11,1
DA:12,1
DA:26,1
DA:28,1
DA:29,2
DA:30,0
DA:31,0
DA:32,0
DA:35,0
DA:38,2
DA:42,0
DA:44,0
DA:45,0
DA:46,0
DA:47,0
DA:50,1
DA:51,3
DA:56,0
DA:57,0
DA:58,0
DA:60,0
DA:65,0
DA:70,0
DA:71,0
DA:75,0
DA:76,0
DA:78,0
DA:79,0
DA:80,0
DA:81,0
DA:83,0
DA:84,0
DA:88,0
DA:89,0
DA:91,0
DA:94,0
DA:95,0
DA:98,0
DA:99,0
DA:102,0
DA:103,0
DA:106,0
DA:107,0
DA:108,0
DA:109,0
DA:114,0
DA:115,0
DA:116,0
DA:117,0
DA:118,0
DA:126,0
DA:130,0
DA:131,0
DA:135,0
DA:137,0
DA:138,0
DA:141,0
DA:142,0
DA:145,0
DA:146,0
DA:149,0
DA:150,0
DA:151,0
DA:157,1
DA:159,2
DA:161,1
DA:162,1
DA:163,1
DA:166,0
DA:167,0
DA:169,0
DA:176,1
DA:178,1
DA:179,1
DA:180,1
DA:182,1
DA:184,1
DA:185,1
DA:186,1
DA:191,1
DA:192,1
DA:199,1
DA:200,1
DA:217,1
DA:218,1
DA:219,1
DA:220,1
DA:223,1
DA:224,0
DA:225,0
DA:226,0
DA:231,1
DA:232,1
DA:235,1
DA:236,0
DA:237,0
DA:238,0
DA:246,1
DA:247,1
DA:256,1
DA:257,1
DA:261,1
DA:262,1
DA:272,1
DA:275,1
DA:276,1
DA:277,1
DA:278,1
DA:279,1
DA:280,1
DA:281,2
DA:286,1
LF:113
LH:49
end_of_record
SF:lib/model/reward.dart
DA:10,0
DA:20,0
DA:29,0
DA:30,0
DA:31,0
DA:32,0
DA:33,0
DA:34,0
DA:35,0
DA:36,0
DA:41,0
DA:42,0
DA:43,0
DA:44,0
DA:45,0
DA:46,0
DA:47,0
DA:48,0
DA:50,0
DA:51,0
DA:57,0
DA:58,0
DA:59,0
DA:60,0
DA:61,0
DA:62,0
DA:63,0
DA:64,0
DA:65,0
DA:69,0
DA:71,0
LF:31
LH:0
end_of_record
SF:lib/features/settings/settings_page.dart
DA:9,0
DA:11,0
DA:13,0
DA:14,0
DA:15,0
DA:17,0
DA:19,0
DA:24,0
DA:25,0
DA:26,0
LF:10
LH:0
end_of_record
SF:lib/features/settings/widgets/app_version_widget.dart
DA:7,1
DA:9,0
DA:10,0
DA:11,0
DA:13,0
DA:16,0
DA:18,0
DA:19,0
DA:20,0
DA:21,0
DA:23,0
DA:25,0
DA:26,0
DA:27,0
DA:28,0
LF:15
LH:1
end_of_record
SF:lib/features/settings/widgets/theme_selector_widget.dart
DA:6,1
DA:8,0
DA:10,0
DA:12,0
DA:14,0
DA:16,0
DA:19,0
DA:20,0
DA:22,0
DA:25,0
DA:26,0
DA:28,0
DA:31,0
DA:32,0
LF:14
LH:1
end_of_record
SF:lib/features/settings/widgets/data_management_widget.dart
DA:9,0
DA:15,0
DA:17,0
DA:19,0
DA:22,0
DA:25,0
DA:26,0
DA:28,0
DA:30,0
DA:31,0
DA:34,0
DA:37,0
DA:42,0
DA:48,0
DA:51,0
DA:52,0
DA:58,0
DA:59,0
DA:61,0
DA:63,0
DA:64,0
DA:67,0
DA:76,0
LF:23
LH:0
end_of_record
SF:lib/services/database_export_import_service.dart
DA:17,0
DA:18,0
DA:19,0
DA:25,0
DA:26,0
DA:29,0
DA:32,0
DA:38,0
DA:41,0
DA:42,0
DA:43,0
DA:44,0
DA:45,0
DA:46,0
DA:48,0
DA:52,0
DA:53,0
DA:54,0
DA:55,0
DA:56,0
DA:62,0
DA:63,0
DA:64,0
DA:66,0
DA:67,0
DA:68,0
DA:69,0
DA:71,0
DA:72,0
DA:73,0
DA:74,0
DA:75,0
DA:76,0
DA:77,0
DA:78,0
DA:79,0
DA:80,0
DA:86,0
DA:91,0
DA:93,0
DA:96,0
DA:97,0
DA:101,0
DA:102,0
DA:105,0
DA:114,0
DA:118,0
DA:120,0
DA:121,0
DA:125,0
DA:126,0
DA:129,0
DA:133,0
DA:148,0
DA:155,0
DA:156,0
DA:157,0
DA:159,0
DA:160,0
DA:166,0
DA:167,0
DA:168,0
DA:169,0
DA:170,0
DA:178,0
DA:179,0
DA:180,0
DA:181,0
DA:183,0
DA:184,0
DA:189,0
DA:192,0
DA:193,0
DA:194,0
DA:195,0
DA:196,0
DA:198,0
DA:199,0
DA:202,0
DA:205,0
DA:209,0
DA:210,0
DA:211,0
DA:212,0
DA:217,0
DA:218,0
DA:223,0
DA:224,0
DA:233,0
DA:237,0
DA:245,0
DA:246,0
DA:255,0
DA:256,0
DA:264,0
DA:268,0
DA:269,0
DA:270,0
DA:271,0
DA:272,0
DA:275,0
DA:276,0
DA:282,0
DA:289,0
DA:291,0
DA:294,0
DA:295,0
DA:301,0
DA:302,0
DA:303,0
DA:305,0
DA:306,0
DA:309,0
DA:315,0
DA:319,0
DA:320,0
DA:321,0
DA:322,0
DA:326,0
DA:327,0
DA:328,0
DA:329,0
DA:336,0
DA:342,0
DA:343,0
DA:350,0
DA:355,0
DA:356,0
DA:364,0
DA:365,0
DA:367,0
DA:376,0
DA:379,0
DA:384,0
DA:385,0
DA:386,0
DA:388,0
DA:396,0
DA:397,0
DA:398,0
DA:401,0
DA:402,0
DA:408,0
DA:409,0
DA:410,0
DA:415,0
DA:416,0
DA:418,0
DA:427,0
DA:429,0
DA:431,0
DA:432,0
DA:439,0
DA:440,0
DA:444,0
DA:447,0
DA:448,0
DA:450,0
DA:453,0
DA:455,0
DA:464,0
DA:466,0
DA:467,0
DA:468,0
DA:469,0
DA:475,0
DA:478,0
DA:479,0
DA:480,0
DA:482,0
DA:484,0
DA:485,0
DA:486,0
DA:496,0
DA:497,0
DA:499,0
DA:500,0
DA:501,0
DA:502,0
DA:505,0
DA:506,0
DA:507,0
DA:508,0
DA:509,0
DA:510,0
DA:511,0
DA:512,0
DA:514,0
DA:520,0
DA:521,0
DA:522,0
DA:523,0
DA:532,0
DA:534,0
DA:535,0
DA:536,0
DA:541,0
DA:542,0
DA:544,0
DA:552,0
DA:557,0
DA:558,0
DA:560,0
DA:562,0
DA:571,0
DA:573,0
DA:579,0
DA:580,0
DA:581,0
DA:586,0
DA:589,0
DA:590,0
DA:591,0
DA:592,0
DA:594,0
DA:595,0
DA:600,0
DA:602,0
DA:606,0
DA:607,0
DA:609,0
LF:221
LH:0
end_of_record
SF:lib/services/ui/dialog_service.dart
DA:5,0
DA:6,0
DA:8,0
DA:9,0
DA:10,0
DA:11,0
DA:14,0
DA:23,0
DA:32,0
DA:34,0
DA:35,0
DA:36,0
DA:37,0
DA:38,0
DA:39,0
DA:40,0
DA:41,0
DA:43,0
DA:44,0
DA:45,0
DA:48,0
DA:50,0
DA:59,0
DA:65,0
DA:67,0
DA:68,0
DA:69,0
DA:70,0
DA:71,0
DA:72,0
DA:73,0
DA:74,0
DA:83,0
DA:94,0
DA:95,0
DA:97,0
DA:99,0
DA:100,0
DA:101,0
DA:102,0
DA:104,0
DA:106,0
DA:107,0
DA:108,0
DA:111,0
DA:113,0
DA:123,0
DA:124,0
DA:125,0
DA:126,0
DA:128,0
DA:129,0
DA:130,0
DA:131,0
DA:134,0
DA:143,0
DA:152,0
DA:154,0
DA:155,0
DA:156,0
DA:157,0
DA:158,0
DA:161,0
DA:162,0
DA:163,0
DA:166,0
DA:167,0
DA:168,0
DA:169,0
DA:175,0
DA:176,0
DA:177,0
DA:178,0
LF:73
LH:0
end_of_record
SF:lib/provider/theme_notifier.dart
DA:7,0
DA:8,0
DA:11,0
DA:13,0
DA:14,0
DA:15,0
DA:16,0
DA:17,0
DA:18,0
DA:19,0
DA:21,0
DA:23,0
DA:26,0
DA:27,0
DA:28,0
DA:29,0
DA:30,0
DA:31,0
DA:32,0
DA:33,0
DA:35,0
LF:21
LH:0
end_of_record
SF:lib/database/rewards_database_helper.dart
DA:23,1
DA:24,2
DA:25,1
DA:30,0
DA:31,0
DA:33,0
DA:37,0
DA:39,0
DA:42,0
DA:45,0
DA:46,0
DA:54,0
DA:56,0
DA:58,0
DA:60,0
DA:63,0
DA:65,0
DA:67,0
DA:68,0
DA:72,0
DA:73,0
DA:79,0
DA:82,0
DA:83,0
DA:87,0
DA:88,0
DA:95,0
DA:96,0
DA:97,0
DA:98,0
DA:100,0
DA:101,0
DA:106,0
DA:107,0
DA:108,0
DA:119,0
DA:123,0
DA:124,0
DA:125,0
DA:128,0
DA:132,0
DA:134,0
DA:138,0
DA:139,0
DA:141,0
DA:143,0
DA:147,0
DA:148,0
DA:149,0
DA:153,0
DA:154,0
DA:156,0
DA:157,0
DA:159,0
DA:161,0
DA:166,0
DA:167,0
DA:168,0
DA:171,0
DA:176,0
DA:177,0
DA:178,0
DA:181,0
DA:184,0
DA:185,0
DA:192,0
DA:193,0
DA:196,0
DA:198,0
DA:202,0
DA:203,0
DA:206,0
DA:207,0
LF:73
LH:3
end_of_record
