SF:lib/model/task.dart
DA:12,2
DA:24,2
DA:35,2
DA:36,2
DA:37,0
DA:38,2
DA:39,2
DA:40,2
DA:41,0
DA:42,2
DA:43,2
DA:44,1
DA:49,2
DA:50,2
DA:51,2
DA:52,2
DA:53,2
DA:54,2
DA:55,2
DA:56,2
DA:57,2
DA:58,2
DA:60,2
DA:61,4
DA:67,2
DA:68,2
DA:69,2
DA:70,2
DA:71,2
DA:72,2
DA:73,2
DA:74,2
DA:75,2
DA:76,2
DA:77,2
LF:35
LH:33
end_of_record
SF:lib/database/tasks_database_helper.dart
DA:25,1
DA:26,2
DA:27,1
DA:32,1
DA:33,1
DA:35,1
DA:39,1
DA:42,1
DA:47,1
DA:48,1
DA:52,1
DA:54,1
DA:55,2
DA:58,2
DA:60,1
DA:62,1
DA:66,0
DA:67,0
DA:68,0
DA:71,0
DA:77,1
DA:78,1
DA:94,1
DA:95,2
DA:96,2
DA:100,1
DA:101,2
DA:102,1
DA:103,5
DA:107,1
DA:108,2
DA:109,1
DA:111,1
DA:113,2
DA:118,1
DA:119,2
DA:120,2
DA:124,1
DA:125,2
DA:126,1
DA:129,1
DA:131,1
DA:132,2
LF:43
LH:39
end_of_record
SF:lib/model/reward.dart
DA:10,2
DA:20,2
DA:29,2
DA:30,2
DA:31,0
DA:32,2
DA:33,2
DA:34,0
DA:35,2
DA:36,1
DA:41,2
DA:42,2
DA:43,2
DA:44,2
DA:45,2
DA:46,2
DA:47,2
DA:48,2
DA:50,2
DA:51,4
DA:57,2
DA:58,2
DA:59,2
DA:60,2
DA:61,2
DA:62,2
DA:63,2
DA:64,2
DA:65,2
DA:69,1
DA:71,8
LF:31
LH:29
end_of_record
SF:lib/database/rewards_database_helper.dart
DA:23,1
DA:24,2
DA:25,1
DA:30,1
DA:31,1
DA:33,1
DA:37,1
DA:39,1
DA:42,1
DA:45,0
DA:46,0
DA:54,1
DA:56,1
DA:58,1
DA:60,1
DA:63,2
DA:65,1
DA:67,1
DA:68,1
DA:72,0
DA:73,0
DA:79,0
DA:82,0
DA:83,0
DA:87,0
DA:88,0
DA:95,1
DA:96,1
DA:97,1
DA:98,2
DA:100,0
DA:101,0
DA:106,1
DA:107,1
DA:108,1
DA:119,1
DA:123,1
DA:124,1
DA:125,2
DA:128,1
DA:132,1
DA:134,0
DA:138,1
DA:139,1
DA:141,1
DA:143,1
DA:147,1
DA:148,2
DA:149,2
DA:153,1
DA:154,1
DA:156,2
DA:157,1
DA:159,1
DA:161,2
DA:166,1
DA:167,2
DA:168,1
DA:171,1
DA:176,1
DA:177,2
DA:178,1
DA:181,1
DA:184,1
DA:185,2
DA:192,1
DA:193,2
DA:196,1
DA:198,0
DA:202,0
DA:203,0
DA:206,1
DA:207,4
LF:73
LH:58
end_of_record
SF:lib/model/point.dart
DA:8,3
DA:16,2
DA:23,2
DA:24,2
DA:25,2
DA:26,1
DA:27,0
DA:28,1
DA:33,2
DA:34,2
DA:35,2
DA:36,2
DA:37,2
DA:38,2
DA:40,2
DA:41,2
DA:47,2
DA:48,2
DA:49,2
DA:50,2
DA:51,2
DA:52,2
DA:53,2
DA:57,1
DA:59,6
LF:25
LH:24
end_of_record
SF:lib/database/points_database_helper.dart
DA:21,1
DA:22,2
DA:23,1
DA:28,1
DA:29,1
DA:31,1
DA:35,1
DA:37,1
DA:40,1
DA:43,0
DA:44,0
DA:52,1
DA:54,1
DA:56,1
DA:58,1
DA:61,2
DA:63,1
DA:65,1
DA:66,1
DA:70,0
DA:71,0
DA:77,0
DA:80,0
DA:81,0
DA:85,0
DA:86,0
DA:93,1
DA:94,1
DA:95,1
DA:96,2
DA:98,0
DA:99,0
DA:104,1
DA:105,1
DA:106,1
DA:115,1
DA:119,1
DA:120,1
DA:121,2
DA:124,1
DA:128,1
DA:130,0
DA:134,0
DA:135,0
DA:137,0
DA:139,0
DA:143,1
DA:144,2
DA:146,1
DA:149,2
DA:150,2
DA:151,2
DA:152,0
DA:155,1
DA:156,1
DA:157,1
DA:162,1
DA:164,3
DA:166,3
DA:170,2
DA:176,1
DA:177,2
DA:178,1
DA:181,1
DA:186,0
DA:191,0
DA:192,0
DA:196,0
DA:201,0
DA:202,0
DA:205,0
DA:207,0
DA:208,0
DA:212,0
DA:217,0
DA:218,0
DA:222,1
DA:226,2
DA:227,1
DA:230,1
DA:232,1
DA:233,2
DA:240,0
DA:243,0
DA:244,0
DA:247,0
DA:249,0
DA:250,0
DA:257,0
DA:258,0
DA:259,0
DA:261,0
DA:264,0
DA:265,0
DA:269,1
DA:270,2
DA:271,1
DA:272,4
DA:276,0
DA:277,0
DA:278,0
DA:281,0
DA:283,0
LF:103
LH:57
end_of_record
SF:lib/model/habit.dart
DA:11,2
DA:23,4
DA:24,4
DA:25,4
DA:26,4
DA:27,4
DA:28,4
DA:29,4
DA:34,2
DA:44,2
DA:45,2
DA:46,0
DA:47,2
DA:48,0
DA:49,2
DA:50,2
DA:51,2
DA:52,1
DA:57,2
DA:58,2
DA:59,2
DA:60,2
DA:61,2
DA:62,2
DA:63,2
DA:64,2
DA:65,2
DA:67,2
DA:68,4
DA:74,2
DA:75,2
DA:76,2
DA:77,2
DA:78,2
DA:79,2
DA:80,2
DA:81,2
DA:82,2
DA:83,2
DA:87,1
DA:89,9
LF:41
LH:39
end_of_record
SF:lib/database/habits_database_helper.dart
DA:25,1
DA:26,2
DA:27,1
DA:32,1
DA:33,1
DA:35,1
DA:39,1
DA:41,1
DA:44,1
DA:47,0
DA:48,0
DA:56,1
DA:58,1
DA:60,1
DA:62,1
DA:65,2
DA:67,1
DA:69,1
DA:70,1
DA:74,0
DA:75,0
DA:81,0
DA:82,0
DA:83,0
DA:86,0
DA:87,0
DA:91,0
DA:92,0
DA:99,1
DA:100,1
DA:101,1
DA:102,2
DA:104,0
DA:105,0
DA:110,1
DA:111,1
DA:112,1
DA:124,1
DA:128,1
DA:130,1
DA:132,1
DA:134,1
DA:135,0
DA:139,1
DA:140,1
DA:142,1
DA:144,1
DA:148,1
DA:149,2
DA:151,1
DA:154,0
DA:156,2
DA:160,1
DA:161,2
DA:163,1
DA:165,0
DA:167,1
DA:168,5
DA:172,1
DA:173,2
DA:174,1
DA:176,1
DA:178,2
DA:183,1
DA:184,2
DA:185,1
DA:188,1
DA:193,1
DA:194,2
DA:195,1
DA:198,1
DA:200,1
DA:201,2
DA:208,1
DA:209,2
DA:210,1
DA:213,1
DA:215,5
LF:78
LH:62
end_of_record
SF:lib/provider/theme_notifier.dart
DA:7,3
DA:8,3
DA:11,6
DA:13,3
DA:14,3
DA:15,1
DA:16,1
DA:17,1
DA:18,1
DA:19,1
DA:21,1
DA:23,1
DA:26,2
DA:27,2
DA:28,2
DA:29,2
DA:30,1
DA:31,1
DA:32,1
DA:33,1
DA:35,1
LF:21
LH:21
end_of_record
SF:lib/features/settings/settings_page.dart
DA:7,1
DA:9,1
DA:11,1
DA:12,1
DA:13,1
DA:15,1
LF:6
LH:6
end_of_record
SF:lib/features/settings/widgets/app_version_widget.dart
DA:7,6
DA:9,2
DA:10,2
DA:11,2
DA:13,1
DA:16,2
DA:18,2
DA:19,2
DA:20,2
DA:21,4
DA:23,1
DA:25,1
DA:26,1
DA:27,1
DA:28,3
LF:15
LH:15
end_of_record
SF:lib/features/settings/widgets/theme_selector_widget.dart
DA:6,6
DA:8,2
DA:10,2
DA:12,2
DA:14,2
DA:16,2
DA:19,2
DA:20,2
DA:22,2
DA:25,2
DA:26,2
DA:28,2
DA:31,2
DA:32,2
LF:14
LH:14
end_of_record
SF:lib/features/settings/widgets/data_management_widget.dart
DA:6,5
DA:8,1
DA:10,1
DA:11,1
DA:13,1
DA:15,1
DA:18,1
DA:21,0
DA:22,0
DA:24,0
DA:26,0
DA:27,0
DA:30,0
DA:33,0
DA:38,1
DA:44,1
DA:47,0
DA:48,0
DA:54,0
DA:55,0
DA:57,0
DA:59,0
DA:60,0
DA:63,0
DA:72,1
LF:25
LH:10
end_of_record
SF:lib/services/database_export_import_service.dart
DA:17,1
DA:18,4
DA:19,2
DA:25,1
DA:26,1
DA:29,2
DA:32,0
DA:38,0
DA:41,0
DA:42,0
DA:43,0
DA:44,0
DA:45,0
DA:46,0
DA:48,0
DA:52,0
DA:53,0
DA:54,0
DA:55,0
DA:56,0
DA:62,0
DA:63,0
DA:64,0
DA:66,0
DA:67,0
DA:68,0
DA:69,0
DA:71,0
DA:72,0
DA:73,0
DA:74,0
DA:75,0
DA:76,0
DA:77,0
DA:78,0
DA:79,0
DA:80,0
DA:86,0
DA:91,0
DA:93,0
DA:96,0
DA:97,0
DA:101,0
DA:102,0
DA:105,0
DA:114,0
DA:118,0
DA:120,0
DA:121,0
DA:125,0
DA:126,0
DA:129,0
DA:133,0
DA:148,0
DA:155,0
DA:156,0
DA:157,0
DA:159,0
DA:160,0
DA:166,0
DA:167,0
DA:168,0
DA:169,0
DA:170,0
DA:178,0
DA:179,0
DA:180,0
DA:181,0
DA:183,0
DA:184,0
DA:189,0
DA:192,0
DA:193,0
DA:194,0
DA:195,0
DA:196,0
DA:198,0
DA:199,0
DA:202,0
DA:205,0
DA:209,0
DA:210,0
DA:211,0
DA:212,0
DA:217,0
DA:218,0
DA:223,0
DA:224,0
DA:233,0
DA:237,0
DA:245,0
DA:246,0
DA:255,0
DA:256,0
DA:264,0
DA:268,0
DA:269,0
DA:270,0
DA:271,0
DA:272,0
DA:275,0
DA:276,0
DA:282,0
DA:289,0
DA:291,0
DA:294,0
DA:295,0
DA:301,0
DA:302,0
DA:303,0
DA:305,0
DA:306,0
DA:309,0
DA:315,0
DA:319,0
DA:320,0
DA:321,0
DA:322,0
DA:326,0
DA:327,0
DA:328,0
DA:329,0
DA:336,0
DA:342,0
DA:343,0
DA:350,0
DA:355,0
DA:356,0
DA:364,0
DA:365,0
DA:367,0
DA:376,0
DA:379,0
DA:384,0
DA:385,0
DA:386,0
DA:388,0
DA:396,0
DA:397,0
DA:398,0
DA:401,0
DA:402,0
DA:408,0
DA:409,0
DA:410,0
DA:415,0
DA:416,0
DA:418,0
DA:427,0
DA:429,0
DA:431,0
DA:432,0
DA:439,0
DA:440,0
DA:444,0
DA:447,0
DA:448,0
DA:450,0
DA:453,0
DA:455,0
DA:464,0
DA:466,0
DA:467,0
DA:468,0
DA:469,0
DA:475,0
DA:478,0
DA:479,0
DA:480,0
DA:482,0
DA:484,0
DA:485,0
DA:486,0
DA:496,0
DA:497,0
DA:499,0
DA:500,0
DA:501,0
DA:502,0
DA:505,0
DA:506,0
DA:507,0
DA:508,0
DA:509,0
DA:510,0
DA:511,0
DA:512,0
DA:514,0
DA:520,0
DA:521,0
DA:522,0
DA:523,0
DA:532,0
DA:534,0
DA:535,0
DA:536,0
DA:541,0
DA:542,0
DA:544,0
DA:552,0
DA:557,0
DA:558,0
DA:560,0
DA:562,0
DA:571,0
DA:573,0
DA:579,0
DA:580,0
DA:581,0
DA:586,0
DA:589,0
DA:590,0
DA:591,0
DA:592,0
DA:594,0
DA:595,0
DA:600,0
DA:602,0
DA:606,0
DA:607,0
DA:609,0
LF:221
LH:6
end_of_record
SF:lib/services/ui/dialog_service.dart
DA:5,0
DA:6,0
DA:8,0
DA:9,0
DA:10,0
DA:11,0
DA:14,0
DA:23,0
DA:32,0
DA:34,0
DA:35,0
DA:36,0
DA:37,0
DA:38,0
DA:39,0
DA:40,0
DA:41,0
DA:43,0
DA:44,0
DA:45,0
DA:48,0
DA:50,0
DA:59,0
DA:65,0
DA:67,0
DA:68,0
DA:69,0
DA:70,0
DA:71,0
DA:72,0
DA:73,0
DA:74,0
DA:83,0
DA:94,0
DA:95,0
DA:97,0
DA:99,0
DA:100,0
DA:101,0
DA:102,0
DA:104,0
DA:106,0
DA:107,0
DA:108,0
DA:111,0
DA:113,0
DA:123,0
DA:124,0
DA:125,0
DA:126,0
DA:128,0
DA:129,0
DA:130,0
DA:131,0
DA:134,0
DA:143,0
DA:152,0
DA:154,0
DA:155,0
DA:156,0
DA:157,0
DA:158,0
DA:161,0
DA:162,0
DA:163,0
DA:166,0
DA:167,0
DA:168,0
DA:169,0
DA:175,0
DA:176,0
DA:177,0
DA:178,0
LF:73
LH:0
end_of_record
SF:lib/provider/points_provider.dart
DA:12,1
DA:13,0
DA:15,2
DA:16,2
DA:17,2
DA:20,1
DA:22,3
DA:23,3
DA:24,3
DA:25,1
DA:27,0
DA:32,1
DA:35,2
DA:38,1
DA:40,0
DA:45,1
DA:47,2
DA:48,1
DA:50,0
DA:55,1
DA:57,2
DA:58,1
DA:59,1
DA:60,1
DA:62,1
DA:64,0
LF:26
LH:21
end_of_record
